<?xml version="1.0" encoding="UTF-8"?>
<!-- Generated by org.testng.reporters.JUnitXMLReporter -->
<testsuite hostname="Mark-PC" name="Default test" tests="3" failures="0" timestamp="19 Sep 2015 10:19:58 GMT" time="23.468" errors="0">
  <testcase name="testApplySigmaDerivativeOnVector" time="0.04" classname="test.BackpropagationTest$GenerationTest"/>
  <testcase name="testBackPropagtion" time="23.408" classname="test.BackpropagationTest$GenerationTest"/>
  <testcase name="testBackPropagtionWeightMatrixDimensions" time="0.01" classname="test.BackpropagationTest$GenerationTest"/>
</testsuite> <!-- Default test -->
