<?xml version="1.0" encoding="UTF-8"?>
<testng-results skipped="0" failed="0" total="4" passed="4">
  <reporter-output>
  </reporter-output>
  <suite name="Default suite" duration-ms="14135" started-at="2015-09-22T15:42:09Z" finished-at="2015-09-22T15:42:23Z">
    <groups>
    </groups>
    <test name="Default test" duration-ms="14135" started-at="2015-09-22T15:42:09Z" finished-at="2015-09-22T15:42:23Z">
      <class name="test.BackpropagationTest$GenerationTest">
        <test-method status="PASS" signature="testApplySigmaDerivativeOnVector()[pri:0, instance:test.BackpropagationTest$GenerationTest@7cdbc5d3]" name="testApplySigmaDerivativeOnVector" duration-ms="32" started-at="2015-09-22T17:42:09Z" finished-at="2015-09-22T17:42:09Z">
          <reporter-output>
          </reporter-output>
        </test-method> <!-- testApplySigmaDerivativeOnVector -->
        <test-method status="PASS" signature="testBackPropagtion()[pri:0, instance:test.BackpropagationTest$GenerationTest@7cdbc5d3]" name="testBackPropagtion" duration-ms="14072" started-at="2015-09-22T17:42:09Z" finished-at="2015-09-22T17:42:23Z">
          <reporter-output>
          </reporter-output>
        </test-method> <!-- testBackPropagtion -->
        <test-method status="PASS" signature="testMatrixMultiplication()[pri:0, instance:test.BackpropagationTest$GenerationTest@7cdbc5d3]" name="testMatrixMultiplication" duration-ms="0" started-at="2015-09-22T17:42:23Z" finished-at="2015-09-22T17:42:23Z">
          <reporter-output>
          </reporter-output>
        </test-method> <!-- testMatrixMultiplication -->
        <test-method status="PASS" signature="testBackPropagtionWeightMatrixDimensions()[pri:0, instance:test.BackpropagationTest$GenerationTest@7cdbc5d3]" name="testBackPropagtionWeightMatrixDimensions" duration-ms="0" started-at="2015-09-22T17:42:23Z" finished-at="2015-09-22T17:42:23Z">
          <reporter-output>
          </reporter-output>
        </test-method> <!-- testBackPropagtionWeightMatrixDimensions -->
      </class> <!-- test.BackpropagationTest$GenerationTest -->
    </test> <!-- Default test -->
  </suite> <!-- Default suite -->
</testng-results>
